mode: set
go-php/cmd/server/main.go:65.54,68.62 2 1
go-php/cmd/server/main.go:68.62,71.99 3 0
go-php/cmd/server/main.go:71.99,72.59 1 0
go-php/cmd/server/main.go:72.59,74.5 1 0
go-php/cmd/server/main.go:75.4,75.25 1 0
go-php/cmd/server/main.go:78.3,78.55 1 0
go-php/cmd/server/main.go:78.55,80.4 1 0
go-php/cmd/server/main.go:84.2,84.67 1 1
go-php/cmd/server/main.go:84.67,87.3 1 1
go-php/cmd/server/main.go:89.2,89.42 1 1
go-php/cmd/server/main.go:92.28,96.2 1 1
go-php/cmd/server/main.go:98.46,103.36 5 1
go-php/cmd/server/main.go:103.36,105.3 1 1
go-php/cmd/server/main.go:108.77,112.20 3 1
go-php/cmd/server/main.go:112.20,114.3 1 1
go-php/cmd/server/main.go:115.2,115.9 1 1
go-php/cmd/server/main.go:115.9,117.3 1 1
go-php/cmd/server/main.go:119.2,120.15 2 1
go-php/cmd/server/main.go:120.15,123.3 2 1
go-php/cmd/server/main.go:124.2,125.28 2 1
go-php/cmd/server/main.go:128.38,139.35 4 1
go-php/cmd/server/main.go:139.35,142.3 2 1
go-php/cmd/server/main.go:144.2,144.13 1 1
go-php/cmd/server/main.go:147.39,149.16 2 1
go-php/cmd/server/main.go:149.16,152.3 2 0
go-php/cmd/server/main.go:153.2,153.24 1 1
go-php/cmd/server/main.go:163.106,164.63 1 1
go-php/cmd/server/main.go:164.63,166.3 1 1
go-php/cmd/server/main.go:168.2,170.29 2 1
go-php/cmd/server/main.go:170.29,171.44 1 1
go-php/cmd/server/main.go:171.44,172.12 1 0
go-php/cmd/server/main.go:175.3,182.44 5 1
go-php/cmd/server/main.go:182.44,185.4 2 1
go-php/cmd/server/main.go:187.3,188.33 2 1
go-php/cmd/server/main.go:188.33,189.12 1 1
go-php/cmd/server/main.go:192.3,193.14 2 1
go-php/cmd/server/main.go:196.2,196.14 1 1
go-php/cmd/server/main.go:205.59,212.37 3 1
go-php/cmd/server/main.go:212.37,220.3 4 1
go-php/cmd/server/main.go:223.2,224.32 2 1
go-php/cmd/server/main.go:224.32,226.3 1 0
go-php/cmd/server/main.go:227.2,227.16 1 1
go-php/cmd/server/main.go:227.16,229.3 1 1
go-php/cmd/server/main.go:232.2,232.75 1 1
go-php/cmd/server/main.go:232.75,233.74 1 1
go-php/cmd/server/main.go:233.74,235.4 1 1
go-php/cmd/server/main.go:235.9,237.4 1 1
go-php/cmd/server/main.go:241.2,241.43 1 1
go-php/cmd/server/main.go:241.43,243.3 1 1
go-php/cmd/server/main.go:245.2,246.16 2 1
go-php/cmd/server/main.go:246.16,248.3 1 0
go-php/cmd/server/main.go:249.2,253.16 3 1
go-php/cmd/server/main.go:253.16,255.3 1 0
go-php/cmd/server/main.go:257.2,263.3 1 1
go-php/cmd/server/main.go:267.44,270.9 2 1
go-php/cmd/server/main.go:271.40,273.35 1 1
go-php/cmd/server/main.go:276.45,278.31 1 1
go-php/cmd/server/main.go:280.10,282.40 1 1
go-php/cmd/server/main.go:287.57,291.2 3 1
go-php/cmd/server/main.go:299.30,301.16 2 1
go-php/cmd/server/main.go:301.16,303.3 1 0
go-php/cmd/server/main.go:305.2,306.6 2 1
go-php/cmd/server/main.go:306.6,307.66 1 1
go-php/cmd/server/main.go:307.66,309.4 1 1
go-php/cmd/server/main.go:310.3,311.20 2 1
go-php/cmd/server/main.go:311.20,313.4 1 0
go-php/cmd/server/main.go:314.3,314.15 1 1
go-php/cmd/server/main.go:324.13,341.16 5 0
go-php/cmd/server/main.go:341.16,343.3 1 0
go-php/cmd/server/main.go:345.2,353.43 4 0
go-php/cmd/server/main.go:353.43,356.4 1 0
go-php/cmd/server/main.go:359.2,359.76 1 0
go-php/cmd/server/main.go:359.76,361.33 2 0
go-php/cmd/server/main.go:361.33,364.4 2 0
go-php/cmd/server/main.go:366.3,369.17 3 0
go-php/cmd/server/main.go:369.17,372.4 2 0
go-php/cmd/server/main.go:374.3,382.13 5 0
go-php/cmd/server/main.go:382.13,385.33 2 0
go-php/cmd/server/main.go:385.33,386.47 1 0
go-php/cmd/server/main.go:386.47,389.6 2 0
go-php/cmd/server/main.go:394.3,394.7 1 0
go-php/cmd/server/main.go:394.7,396.51 2 0
go-php/cmd/server/main.go:396.51,401.7 1 0
go-php/cmd/server/main.go:401.7,403.6 1 0
go-php/cmd/server/main.go:404.5,405.11 2 0
go-php/cmd/server/main.go:409.4,409.46 1 0
go-php/cmd/server/main.go:413.2,416.74 2 0
go-php/cmd/server/main.go:416.74,423.21 5 0
go-php/cmd/server/main.go:423.21,425.4 1 0
go-php/cmd/server/main.go:427.3,429.56 2 0
go-php/cmd/server/main.go:429.56,435.4 5 0
go-php/cmd/server/main.go:437.3,441.99 4 0
go-php/cmd/server/main.go:444.2,444.71 1 0
go-php/cmd/server/main.go:444.71,446.20 2 0
go-php/cmd/server/main.go:446.20,449.4 2 0
go-php/cmd/server/main.go:451.3,452.17 2 0
go-php/cmd/server/main.go:452.17,455.4 2 0
go-php/cmd/server/main.go:457.3,464.13 5 0
go-php/cmd/server/main.go:464.13,466.33 2 0
go-php/cmd/server/main.go:466.33,468.47 1 0
go-php/cmd/server/main.go:468.47,471.6 2 0
go-php/cmd/server/main.go:477.3,477.7 1 0
go-php/cmd/server/main.go:477.7,479.51 2 0
go-php/cmd/server/main.go:479.51,484.7 1 0
go-php/cmd/server/main.go:484.7,486.6 1 0
go-php/cmd/server/main.go:487.5,488.11 2 0
go-php/cmd/server/main.go:491.4,491.46 1 0
go-php/cmd/server/main.go:495.2,495.79 1 0
go-php/cmd/server/main.go:495.79,496.34 1 0
go-php/cmd/server/main.go:496.34,499.4 2 0
go-php/cmd/server/main.go:501.3,506.63 2 0
go-php/cmd/server/main.go:506.63,509.4 2 0
go-php/cmd/server/main.go:510.3,510.25 1 0
go-php/cmd/server/main.go:510.25,513.4 2 0
go-php/cmd/server/main.go:515.3,516.37 2 0
go-php/cmd/server/main.go:520.2,520.67 1 0
go-php/cmd/server/main.go:520.67,522.45 1 0
go-php/cmd/server/main.go:522.45,524.4 1 0
go-php/cmd/server/main.go:527.3,532.21 4 0
go-php/cmd/server/main.go:532.21,534.4 1 0
go-php/cmd/server/main.go:535.3,538.41 2 0
go-php/cmd/server/main.go:538.41,539.57 1 0
go-php/cmd/server/main.go:539.57,545.5 5 0
go-php/cmd/server/main.go:547.4,551.10 5 0
go-php/cmd/server/main.go:555.3,556.17 2 0
go-php/cmd/server/main.go:556.17,562.4 5 0
go-php/cmd/server/main.go:565.3,565.41 1 0
go-php/cmd/server/main.go:565.41,566.46 1 0
go-php/cmd/server/main.go:566.46,570.5 3 0
go-php/cmd/server/main.go:574.3,574.34 1 0
go-php/cmd/server/main.go:574.34,576.4 1 0
go-php/cmd/server/main.go:579.3,580.18 2 0
go-php/cmd/server/main.go:580.18,582.4 1 0
go-php/cmd/server/main.go:583.3,602.24 6 0
go-php/cmd/server/main.go:606.2,606.85 1 0
go-php/cmd/server/main.go:606.85,609.60 3 0
go-php/cmd/server/main.go:609.60,612.4 2 0
go-php/cmd/server/main.go:616.2,616.86 1 0
go-php/cmd/server/main.go:616.86,617.34 1 0
go-php/cmd/server/main.go:617.34,620.4 2 0
go-php/cmd/server/main.go:622.3,628.5 3 0
go-php/cmd/server/main.go:632.2,632.86 1 0
go-php/cmd/server/main.go:632.86,635.57 3 0
go-php/cmd/server/main.go:635.57,637.4 1 0
go-php/cmd/server/main.go:640.2,640.72 1 0
go-php/cmd/server/main.go:640.72,642.10 2 0
go-php/cmd/server/main.go:642.10,645.4 2 0
go-php/cmd/server/main.go:647.3,648.20 2 0
go-php/cmd/server/main.go:648.20,651.4 2 0
go-php/cmd/server/main.go:653.3,664.7 8 0
go-php/cmd/server/main.go:664.7,665.11 1 0
go-php/cmd/server/main.go:666.29,667.23 1 0
go-php/cmd/server/main.go:667.23,669.6 1 0
go-php/cmd/server/main.go:670.5,673.20 4 0
go-php/cmd/server/main.go:674.30,675.11 1 0
go-php/cmd/server/main.go:676.25,677.11 1 0
go-php/cmd/server/main.go:684.2,684.80 1 0
go-php/cmd/server/main.go:684.80,685.34 1 0
go-php/cmd/server/main.go:685.34,688.4 2 0
go-php/cmd/server/main.go:690.3,695.63 2 0
go-php/cmd/server/main.go:695.63,698.4 2 0
go-php/cmd/server/main.go:700.3,700.25 1 0
go-php/cmd/server/main.go:700.25,703.4 2 0
go-php/cmd/server/main.go:705.3,706.37 2 0
go-php/cmd/server/main.go:710.2,710.19 1 0
go-php/cmd/server/main.go:710.19,711.51 1 0
go-php/cmd/server/main.go:711.51,713.4 1 0
go-php/cmd/server/main.go:713.9,715.4 1 0
go-php/cmd/server/main.go:719.2,720.16 2 0
go-php/cmd/server/main.go:720.16,722.3 1 0
go-php/cmd/server/main.go:724.2,733.12 4 0
go-php/cmd/server/main.go:733.12,744.47 6 0
go-php/cmd/server/main.go:744.47,746.4 1 0
go-php/cmd/server/main.go:746.9,748.4 1 0
go-php/cmd/server/main.go:752.2,760.34 9 0
go-php/cmd/server/main.go:760.34,762.3 1 0
go-php/cmd/server/main.go:763.2,766.80 2 0
go-php/cmd/server/main.go:766.80,768.3 1 0
go-php/cmd/server/main.go:791.39,810.2 1 1
go-php/cmd/server/main.go:814.54,818.16 3 1
go-php/cmd/server/main.go:818.16,821.3 2 1
go-php/cmd/server/main.go:823.2,824.51 2 1
go-php/cmd/server/main.go:824.51,827.3 2 1
go-php/cmd/server/main.go:830.2,838.26 2 1
go-php/cmd/server/main.go:838.26,841.3 2 1
go-php/cmd/server/main.go:843.2,843.25 1 1
go-php/cmd/server/main.go:843.25,846.3 2 1
go-php/cmd/server/main.go:848.2,848.31 1 1
go-php/cmd/server/main.go:848.31,851.3 2 1
go-php/cmd/server/main.go:853.2,853.35 1 1
go-php/cmd/server/main.go:853.35,856.3 2 1
go-php/cmd/server/main.go:863.2,863.26 1 1
go-php/cmd/server/main.go:863.26,866.3 2 0
go-php/cmd/server/main.go:866.8,867.35 1 1
go-php/cmd/server/main.go:867.35,868.44 1 1
go-php/cmd/server/main.go:868.44,871.5 2 1
go-php/cmd/server/main.go:873.4,873.22 1 1
go-php/cmd/server/main.go:873.22,875.5 1 1
go-php/cmd/server/main.go:886.2,886.30 1 1
go-php/cmd/server/main.go:886.30,889.3 2 1
go-php/cmd/server/main.go:892.2,892.31 1 1
go-php/cmd/server/main.go:892.31,895.3 2 1
go-php/cmd/server/main.go:898.2,898.32 1 1
go-php/cmd/server/main.go:898.32,901.3 2 1
go-php/cmd/server/main.go:902.2,902.13 1 1
